------- FILE 48x2_2_image.asm LEVEL 1 PASS 2
      1  0151 ????
      2  0151 ????						;*** The height of the displayed data...
      3  0151 ????	       00 30	   bmp_48x2_2_window =	48
      4  0151 ????
      5  0151 ????						;*** The height of the bitmap data. This can be larger than
      6  0151 ????						;*** the displayed data height, if you are scrolling or animating
      7  0151 ????						;*** the data...
      8  0151 ????	       00 30	   bmp_48x2_2_height =	48
      9  0151 ????
     10  0151 ????			  -	      if	>. != >[.+(bmp_48x2_2_height)]
     11  0151 ????			  -	      align	256
     12  0151 ????				      endif
     13  0151 ????	       00		      BYTE.b	$00	; leave this here!
     14  0152 ????
     15  0152 ????
     16  0152 ????						;*** this is the color of each line in the bitmap data
     17  0152 ????			   bmp_48x2_2_colors
     18  0152 ????	       0c		      BYTE.b	$0c
     19  0153 ????	       0c		      BYTE.b	$0c
     20  0154 ????	       0c		      BYTE.b	$0c
     21  0155 ????	       0c		      BYTE.b	$0c
     22  0156 ????	       0c		      BYTE.b	$0c
     23  0157 ????	       0c		      BYTE.b	$0c
     24  0158 ????	       0c		      BYTE.b	$0c
     25  0159 ????	       0c		      BYTE.b	$0c
     26  015a ????	       0c		      BYTE.b	$0c
     27  015b ????	       0c		      BYTE.b	$0c
     28  015c ????	       0c		      BYTE.b	$0c
     29  015d ????	       0c		      BYTE.b	$0c
     30  015e ????	       0c		      BYTE.b	$0c
     31  015f ????	       0c		      BYTE.b	$0c
     32  0160 ????	       0c		      BYTE.b	$0c
     33  0161 ????	       0c		      BYTE.b	$0c
     34  0162 ????	       0c		      BYTE.b	$0c
     35  0163 ????	       0c		      BYTE.b	$0c
     36  0164 ????	       0c		      BYTE.b	$0c
     37  0165 ????	       0c		      BYTE.b	$0c
     38  0166 ????	       0c		      BYTE.b	$0c
     39  0167 ????	       0c		      BYTE.b	$0c
     40  0168 ????	       0c		      BYTE.b	$0c
     41  0169 ????	       0c		      BYTE.b	$0c
     42  016a ????	       0c		      BYTE.b	$0c
     43  016b ????	       0c		      BYTE.b	$0c
     44  016c ????	       0c		      BYTE.b	$0c
     45  016d ????	       0c		      BYTE.b	$0c
     46  016e ????	       0c		      BYTE.b	$0c
     47  016f ????	       0c		      BYTE.b	$0c
     48  0170 ????	       0c		      BYTE.b	$0c
     49  0171 ????	       0c		      BYTE.b	$0c
     50  0172 ????	       0c		      BYTE.b	$0c
     51  0173 ????	       0c		      BYTE.b	$0c
     52  0174 ????	       0c		      BYTE.b	$0c
     53  0175 ????	       0c		      BYTE.b	$0c
     54  0176 ????	       0c		      BYTE.b	$0c
     55  0177 ????	       0c		      BYTE.b	$0c
     56  0178 ????	       0c		      BYTE.b	$0c
     57  0179 ????	       0c		      BYTE.b	$0c
     58  017a ????	       0c		      BYTE.b	$0c
     59  017b ????	       0c		      BYTE.b	$0c
     60  017c ????	       0c		      BYTE.b	$0c
     61  017d ????	       0c		      BYTE.b	$0c
     62  017e ????	       0c		      BYTE.b	$0c
     63  017f ????	       0c		      BYTE.b	$0c
     64  0180 ????	       0c		      BYTE.b	$0c
     65  0181 ????	       1c		      BYTE.b	$1c
     66  0182 ????
     67  0182 ????			  -	      if	>. != >[.+(bmp_48x2_2_height)]
     68  0182 ????			  -	      align	256
     69  0182 ????				      endif
     70  0182 ????
     71  0182 ????			   bmp_48x2_2_00
     72  0182 ????
     73  0182 ????	       80		      BYTE.b	%10000000
     74  0183 ????	       ee		      BYTE.b	%11101110
     75  0184 ????	       ee		      BYTE.b	%11101110
     76  0185 ????	       80		      BYTE.b	%10000000
     77  0186 ????	       ee		      BYTE.b	%11101110
     78  0187 ????	       ee		      BYTE.b	%11101110
     79  0188 ????	       80		      BYTE.b	%10000000
     80  0189 ????	       ee		      BYTE.b	%11101110
     81  018a ????	       ee		      BYTE.b	%11101110
     82  018b ????	       80		      BYTE.b	%10000000
     83  018c ????	       80		      BYTE.b	%10000000
     84  018d ????	       ee		      BYTE.b	%11101110
     85  018e ????	       ee		      BYTE.b	%11101110
     86  018f ????	       80		      BYTE.b	%10000000
     87  0190 ????	       ee		      BYTE.b	%11101110
     88  0191 ????	       ee		      BYTE.b	%11101110
     89  0192 ????	       ff		      BYTE.b	%11111111
     90  0193 ????	       00		      BYTE.b	%00000000
     91  0194 ????	       00		      BYTE.b	%00000000
     92  0195 ????	       00		      BYTE.b	%00000000
     93  0196 ????	       00		      BYTE.b	%00000000
     94  0197 ????	       00		      BYTE.b	%00000000
     95  0198 ????	       00		      BYTE.b	%00000000
     96  0199 ????	       00		      BYTE.b	%00000000
     97  019a ????	       00		      BYTE.b	%00000000
     98  019b ????	       04		      BYTE.b	%00000100
     99  019c ????	       00		      BYTE.b	%00000000
    100  019d ????	       00		      BYTE.b	%00000000
    101  019e ????	       00		      BYTE.b	%00000000
    102  019f ????	       00		      BYTE.b	%00000000
    103  01a0 ????	       00		      BYTE.b	%00000000
    104  01a1 ????	       00		      BYTE.b	%00000000
    105  01a2 ????	       00		      BYTE.b	%00000000
    106  01a3 ????	       00		      BYTE.b	%00000000
    107  01a4 ????	       00		      BYTE.b	%00000000
    108  01a5 ????	       00		      BYTE.b	%00000000
    109  01a6 ????	       00		      BYTE.b	%00000000
    110  01a7 ????	       00		      BYTE.b	%00000000
    111  01a8 ????	       00		      BYTE.b	%00000000
    112  01a9 ????	       00		      BYTE.b	%00000000
    113  01aa ????	       00		      BYTE.b	%00000000
    114  01ab ????	       00		      BYTE.b	%00000000
    115  01ac ????	       00		      BYTE.b	%00000000
    116  01ad ????	       10		      BYTE.b	%00010000
    117  01ae ????	       00		      BYTE.b	%00000000
    118  01af ????	       00		      BYTE.b	%00000000
    119  01b0 ????	       00		      BYTE.b	%00000000
    120  01b1 ????	       00		      BYTE.b	%00000000
    121  01b2 ????
    122  01b2 ????			  -	      if	>. != >[.+(bmp_48x2_2_height)]
    123  01b2 ????			  -	      align	256
    124  01b2 ????				      endif
    125  01b2 ????
    126  01b2 ????			   bmp_48x2_2_01
    127  01b2 ????
    128  01b2 ????	       3a		      BYTE.b	%00111010
    129  01b3 ????	       e0		      BYTE.b	%11100000
    130  01b4 ????	       e0		      BYTE.b	%11100000
    131  01b5 ????	       3a		      BYTE.b	%00111010
    132  01b6 ????	       ff		      BYTE.b	%11111111
    133  01b7 ????	       e0		      BYTE.b	%11100000
    134  01b8 ????	       20		      BYTE.b	%00100000
    135  01b9 ????	       e0		      BYTE.b	%11100000
    136  01ba ????	       e0		      BYTE.b	%11100000
    137  01bb ????	       20		      BYTE.b	%00100000
    138  01bc ????	       20		      BYTE.b	%00100000
    139  01bd ????	       e0		      BYTE.b	%11100000
    140  01be ????	       e0		      BYTE.b	%11100000
    141  01bf ????	       20		      BYTE.b	%00100000
    142  01c0 ????	       e0		      BYTE.b	%11100000
    143  01c1 ????	       e0		      BYTE.b	%11100000
    144  01c2 ????	       e0		      BYTE.b	%11100000
    145  01c3 ????	       00		      BYTE.b	%00000000
    146  01c4 ????	       00		      BYTE.b	%00000000
    147  01c5 ????	       00		      BYTE.b	%00000000
    148  01c6 ????	       00		      BYTE.b	%00000000
    149  01c7 ????	       00		      BYTE.b	%00000000
    150  01c8 ????	       00		      BYTE.b	%00000000
    151  01c9 ????	       00		      BYTE.b	%00000000
    152  01ca ????	       00		      BYTE.b	%00000000
    153  01cb ????	       00		      BYTE.b	%00000000
    154  01cc ????	       00		      BYTE.b	%00000000
    155  01cd ????	       00		      BYTE.b	%00000000
    156  01ce ????	       00		      BYTE.b	%00000000
    157  01cf ????	       00		      BYTE.b	%00000000
    158  01d0 ????	       00		      BYTE.b	%00000000
    159  01d1 ????	       00		      BYTE.b	%00000000
    160  01d2 ????	       00		      BYTE.b	%00000000
    161  01d3 ????	       00		      BYTE.b	%00000000
    162  01d4 ????	       00		      BYTE.b	%00000000
    163  01d5 ????	       00		      BYTE.b	%00000000
    164  01d6 ????	       00		      BYTE.b	%00000000
    165  01d7 ????	       00		      BYTE.b	%00000000
    166  01d8 ????	       00		      BYTE.b	%00000000
    167  01d9 ????	       08		      BYTE.b	%00001000
    168  01da ????	       00		      BYTE.b	%00000000
    169  01db ????	       00		      BYTE.b	%00000000
    170  01dc ????	       00		      BYTE.b	%00000000
    171  01dd ????	       00		      BYTE.b	%00000000
    172  01de ????	       00		      BYTE.b	%00000000
    173  01df ????	       00		      BYTE.b	%00000000
    174  01e0 ????	       00		      BYTE.b	%00000000
    175  01e1 ????	       00		      BYTE.b	%00000000
    176  01e2 ????
    177  01e2 ????			  -	      if	>. != >[.+(bmp_48x2_2_height)]
    178  01e2 ????			  -	      align	256
    179  01e2 ????				      endif
    180  01e2 ????
    181  01e2 ????			   bmp_48x2_2_02
    182  01e2 ????
    183  01e2 ????	       fb		      BYTE.b	%11111011
    184  01e3 ????	       3b		      BYTE.b	%00111011
    185  01e4 ????	       3b		      BYTE.b	%00111011
    186  01e5 ????	       fb		      BYTE.b	%11111011
    187  01e6 ????	       f1		      BYTE.b	%11110001
    188  01e7 ????	       11		      BYTE.b	%00010001
    189  01e8 ????	       11		      BYTE.b	%00010001
    190  01e9 ????	       1b		      BYTE.b	%00011011
    191  01ea ????	       1b		      BYTE.b	%00011011
    192  01eb ????	       1b		      BYTE.b	%00011011
    193  01ec ????	       1b		      BYTE.b	%00011011
    194  01ed ????	       11		      BYTE.b	%00010001
    195  01ee ????	       11		      BYTE.b	%00010001
    196  01ef ????	       11		      BYTE.b	%00010001
    197  01f0 ????	       11		      BYTE.b	%00010001
    198  01f1 ????	       1b		      BYTE.b	%00011011
    199  01f2 ????	       1b		      BYTE.b	%00011011
    200  01f3 ????	       1b		      BYTE.b	%00011011
    201  01f4 ????	       1f		      BYTE.b	%00011111
    202  01f5 ????	       00		      BYTE.b	%00000000
    203  01f6 ????	       00		      BYTE.b	%00000000
    204  01f7 ????	       00		      BYTE.b	%00000000
    205  01f8 ????	       00		      BYTE.b	%00000000
    206  01f9 ????	       00		      BYTE.b	%00000000
    207  01fa ????	       00		      BYTE.b	%00000000
    208  01fb ????	       00		      BYTE.b	%00000000
    209  01fc ????	       00		      BYTE.b	%00000000
    210  01fd ????	       00		      BYTE.b	%00000000
    211  01fe ????	       80		      BYTE.b	%10000000
    212  01ff ????	       00		      BYTE.b	%00000000
    213  0200 ????	       00		      BYTE.b	%00000000
    214  0201 ????	       00		      BYTE.b	%00000000
    215  0202 ????	       00		      BYTE.b	%00000000
    216  0203 ????	       01		      BYTE.b	%00000001
    217  0204 ????	       00		      BYTE.b	%00000000
    218  0205 ????	       00		      BYTE.b	%00000000
    219  0206 ????	       00		      BYTE.b	%00000000
    220  0207 ????	       00		      BYTE.b	%00000000
    221  0208 ????	       00		      BYTE.b	%00000000
    222  0209 ????	       00		      BYTE.b	%00000000
    223  020a ????	       00		      BYTE.b	%00000000
    224  020b ????	       00		      BYTE.b	%00000000
    225  020c ????	       00		      BYTE.b	%00000000
    226  020d ????	       04		      BYTE.b	%00000100
    227  020e ????	       00		      BYTE.b	%00000000
    228  020f ????	       00		      BYTE.b	%00000000
    229  0210 ????	       00		      BYTE.b	%00000000
    230  0211 ????	       00		      BYTE.b	%00000000
    231  0212 ????
    232  0212 ????			  -	      if	>. != >[.+(bmp_48x2_2_height)]
    233  0212 ????			  -	      align	256
    234  0212 ????				      endif
    235  0212 ????
    236  0212 ????			   bmp_48x2_2_03
    237  0212 ????
    238  0212 ????	       6d		      BYTE.b	%01101101
    239  0213 ????	       45		      BYTE.b	%01000101
    240  0214 ????	       6d		      BYTE.b	%01101101
    241  0215 ????	       45		      BYTE.b	%01000101
    242  0216 ????	       6d		      BYTE.b	%01101101
    243  0217 ????	       45		      BYTE.b	%01000101
    244  0218 ????	       6d		      BYTE.b	%01101101
    245  0219 ????	       45		      BYTE.b	%01000101
    246  021a ????	       6d		      BYTE.b	%01101101
    247  021b ????	       45		      BYTE.b	%01000101
    248  021c ????	       6d		      BYTE.b	%01101101
    249  021d ????	       45		      BYTE.b	%01000101
    250  021e ????	       6d		      BYTE.b	%01101101
    251  021f ????	       45		      BYTE.b	%01000101
    252  0220 ????	       7c		      BYTE.b	%01111100
    253  0221 ????	       00		      BYTE.b	%00000000
    254  0222 ????	       00		      BYTE.b	%00000000
    255  0223 ????	       00		      BYTE.b	%00000000
    256  0224 ????	       00		      BYTE.b	%00000000
    257  0225 ????	       00		      BYTE.b	%00000000
    258  0226 ????	       00		      BYTE.b	%00000000
    259  0227 ????	       00		      BYTE.b	%00000000
    260  0228 ????	       00		      BYTE.b	%00000000
    261  0229 ????	       20		      BYTE.b	%00100000
    262  022a ????	       00		      BYTE.b	%00000000
    263  022b ????	       00		      BYTE.b	%00000000
    264  022c ????	       00		      BYTE.b	%00000000
    265  022d ????	       00		      BYTE.b	%00000000
    266  022e ????	       00		      BYTE.b	%00000000
    267  022f ????	       00		      BYTE.b	%00000000
    268  0230 ????	       00		      BYTE.b	%00000000
    269  0231 ????	       00		      BYTE.b	%00000000
    270  0232 ????	       00		      BYTE.b	%00000000
    271  0233 ????	       00		      BYTE.b	%00000000
    272  0234 ????	       01		      BYTE.b	%00000001
    273  0235 ????	       01		      BYTE.b	%00000001
    274  0236 ????	       01		      BYTE.b	%00000001
    275  0237 ????	       01		      BYTE.b	%00000001
    276  0238 ????	       01		      BYTE.b	%00000001
    277  0239 ????	       01		      BYTE.b	%00000001
    278  023a ????	       00		      BYTE.b	%00000000
    279  023b ????	       00		      BYTE.b	%00000000
    280  023c ????	       00		      BYTE.b	%00000000
    281  023d ????	       00		      BYTE.b	%00000000
    282  023e ????	       00		      BYTE.b	%00000000
    283  023f ????	       00		      BYTE.b	%00000000
    284  0240 ????	       00		      BYTE.b	%00000000
    285  0241 ????	       00		      BYTE.b	%00000000
    286  0242 ????
    287  0242 ????			  -	      if	>. != >[.+(bmp_48x2_2_height)]
    288  0242 ????			  -	      align	256
    289  0242 ????				      endif
    290  0242 ????
    291  0242 ????			   bmp_48x2_2_04
    292  0242 ????
    293  0242 ????	       dd		      BYTE.b	%11011101
    294  0243 ????	       05		      BYTE.b	%00000101
    295  0244 ????	       dd		      BYTE.b	%11011101
    296  0245 ????	       05		      BYTE.b	%00000101
    297  0246 ????	       dd		      BYTE.b	%11011101
    298  0247 ????	       05		      BYTE.b	%00000101
    299  0248 ????	       dd		      BYTE.b	%11011101
    300  0249 ????	       05		      BYTE.b	%00000101
    301  024a ????	       dd		      BYTE.b	%11011101
    302  024b ????	       05		      BYTE.b	%00000101
    303  024c ????	       dd		      BYTE.b	%11011101
    304  024d ????	       05		      BYTE.b	%00000101
    305  024e ????	       dd		      BYTE.b	%11011101
    306  024f ????	       fd		      BYTE.b	%11111101
    307  0250 ????	       00		      BYTE.b	%00000000
    308  0251 ????	       00		      BYTE.b	%00000000
    309  0252 ????	       00		      BYTE.b	%00000000
    310  0253 ????	       00		      BYTE.b	%00000000
    311  0254 ????	       00		      BYTE.b	%00000000
    312  0255 ????	       00		      BYTE.b	%00000000
    313  0256 ????	       00		      BYTE.b	%00000000
    314  0257 ????	       00		      BYTE.b	%00000000
    315  0258 ????	       00		      BYTE.b	%00000000
    316  0259 ????	       00		      BYTE.b	%00000000
    317  025a ????	       01		      BYTE.b	%00000001
    318  025b ????	       00		      BYTE.b	%00000000
    319  025c ????	       00		      BYTE.b	%00000000
    320  025d ????	       00		      BYTE.b	%00000000
    321  025e ????	       00		      BYTE.b	%00000000
    322  025f ????	       00		      BYTE.b	%00000000
    323  0260 ????	       00		      BYTE.b	%00000000
    324  0261 ????	       3f		      BYTE.b	%00111111
    325  0262 ????	       ff		      BYTE.b	%11111111
    326  0263 ????	       ff		      BYTE.b	%11111111
    327  0264 ????	       cc		      BYTE.b	%11001100
    328  0265 ????	       80		      BYTE.b	%10000000
    329  0266 ????	       a1		      BYTE.b	%10100001
    330  0267 ????	       ad		      BYTE.b	%10101101
    331  0268 ????	       e1		      BYTE.b	%11100001
    332  0269 ????	       f3		      BYTE.b	%11110011
    333  026a ????	       f3		      BYTE.b	%11110011
    334  026b ????	       ff		      BYTE.b	%11111111
    335  026c ????	       3f		      BYTE.b	%00111111
    336  026d ????	       00		      BYTE.b	%00000000
    337  026e ????	       00		      BYTE.b	%00000000
    338  026f ????	       00		      BYTE.b	%00000000
    339  0270 ????	       00		      BYTE.b	%00000000
    340  0271 ????	       00		      BYTE.b	%00000000
    341  0272 ????
    342  0272 ????			  -	      if	>. != >[.+(bmp_48x2_2_height)]
    343  0272 ????			  -	      align	256
    344  0272 ????				      endif
    345  0272 ????
    346  0272 ????			   bmp_48x2_2_05
    347  0272 ????
    348  0272 ????	       fb		      BYTE.b	%11111011
    349  0273 ????	       4a		      BYTE.b	%01001010
    350  0274 ????	       fb		      BYTE.b	%11111011
    351  0275 ????	       4a		      BYTE.b	%01001010
    352  0276 ????	       fb		      BYTE.b	%11111011
    353  0277 ????	       4a		      BYTE.b	%01001010
    354  0278 ????	       fb		      BYTE.b	%11111011
    355  0279 ????	       78		      BYTE.b	%01111000
    356  027a ????	       c0		      BYTE.b	%11000000
    357  027b ????	       40		      BYTE.b	%01000000
    358  027c ????	       c0		      BYTE.b	%11000000
    359  027d ????	       40		      BYTE.b	%01000000
    360  027e ????	       c0		      BYTE.b	%11000000
    361  027f ????	       c0		      BYTE.b	%11000000
    362  0280 ????	       00		      BYTE.b	%00000000
    363  0281 ????	       00		      BYTE.b	%00000000
    364  0282 ????	       00		      BYTE.b	%00000000
    365  0283 ????	       00		      BYTE.b	%00000000
    366  0284 ????	       00		      BYTE.b	%00000000
    367  0285 ????	       04		      BYTE.b	%00000100
    368  0286 ????	       00		      BYTE.b	%00000000
    369  0287 ????	       00		      BYTE.b	%00000000
    370  0288 ????	       00		      BYTE.b	%00000000
    371  0289 ????	       00		      BYTE.b	%00000000
    372  028a ????	       00		      BYTE.b	%00000000
    373  028b ????	       00		      BYTE.b	%00000000
    374  028c ????	       00		      BYTE.b	%00000000
    375  028d ????	       00		      BYTE.b	%00000000
    376  028e ????	       00		      BYTE.b	%00000000
    377  028f ????	       00		      BYTE.b	%00000000
    378  0290 ????	       00		      BYTE.b	%00000000
    379  0291 ????	       00		      BYTE.b	%00000000
    380  0292 ????	       c0		      BYTE.b	%11000000
    381  0293 ????	       e0		      BYTE.b	%11100000
    382  0294 ????	       e0		      BYTE.b	%11100000
    383  0295 ????	       60		      BYTE.b	%01100000
    384  0296 ????	       60		      BYTE.b	%01100000
    385  0297 ????	       60		      BYTE.b	%01100000
    386  0298 ????	       e0		      BYTE.b	%11100000
    387  0299 ????	       e0		      BYTE.b	%11100000
    388  029a ????	       e0		      BYTE.b	%11100000
    389  029b ????	       c0		      BYTE.b	%11000000
    390  029c ????	       00		      BYTE.b	%00000000
    391  029d ????	       00		      BYTE.b	%00000000
    392  029e ????	       00		      BYTE.b	%00000000
    393  029f ????	       00		      BYTE.b	%00000000
    394  02a0 ????	       00		      BYTE.b	%00000000
    395  02a1 ????	       00		      BYTE.b	%00000000
    396  02a2 ????
